2025-08-15 23:43:20,031 [INFO] Logging initialized successfully
2025-08-15 23:43:20,031 [INFO] Starting Paddock Parser Toolkit v1.3
2025-08-15 23:43:20,037 [INFO] Starting batch parse mode...
2025-08-15 23:43:20,037 [INFO] Parsing files from directory: html_input
2025-08-15 23:43:20,037 [INFO] Normalized scorer weights loaded: {'FIELD_SIZE_WEIGHT': 0.35, 'FAVORITE_ODDS_WEIGHT': 0.45, 'ODDS_SPREAD_WEIGHT': 0.15, 'DATA_QUALITY_WEIGHT': 0.05}
2025-08-15 23:43:20,054 [INFO] Parsing file: Equibase_Entries__Full_List_.html
2025-08-15 23:43:20,054 [INFO] Starting parsing for source: Equibase_Entries__Full_List_.html
2025-08-15 23:43:20,054 [INFO] Attempting to parse as HTML content.
2025-08-15 23:43:20,208 [INFO] Detected Equibase format. Using surgical parser.
2025-08-15 23:43:20,307 [INFO] Parsing complete. Found 3102 races in Equibase_Entries__Full_List_.html.
2025-08-15 23:43:20,347 [INFO] Parsing file: RacingAndSports__Global_JSON_.html
2025-08-15 23:43:20,348 [INFO] Starting parsing for source: RacingAndSports__Global_JSON_.html
2025-08-15 23:43:20,348 [INFO] Attempting to parse as HTML content.
2025-08-15 23:43:20,350 [INFO] Source not recognized. Using generic fallback parser.
2025-08-15 23:43:20,351 [INFO] Generic parser found 0 potential race containers.
2025-08-15 23:43:20,351 [INFO] Parsing complete. Found 0 races in RacingAndSports__Global_JSON_.html.
2025-08-15 23:43:20,354 [INFO] No races found in RacingAndSports__Global_JSON_.html
2025-08-15 23:43:20,364 [INFO] Parsing file: Racing_Post__UK_IRE_Race_Cards_.html
2025-08-15 23:43:20,365 [INFO] Starting parsing for source: Racing_Post__UK_IRE_Race_Cards_.html
2025-08-15 23:43:20,365 [INFO] Attempting to parse as HTML content.
2025-08-15 23:43:20,750 [INFO] Detected Racing Post format. Using surgical parser.
2025-08-15 23:43:20,791 [INFO] Parsing complete. Found 0 races in Racing_Post__UK_IRE_Race_Cards_.html.
2025-08-15 23:43:20,791 [INFO] No races found in Racing_Post__UK_IRE_Race_Cards_.html
2025-08-15 23:43:20,792 [INFO] Parsing file: Hong_Kong_Jockey_Club__HKJC_.html
2025-08-15 23:43:20,792 [INFO] Starting parsing for source: Hong_Kong_Jockey_Club__HKJC_.html
2025-08-15 23:43:20,792 [INFO] Attempting to parse as HTML content.
2025-08-15 23:43:20,794 [INFO] Source not recognized. Using generic fallback parser.
2025-08-15 23:43:20,795 [INFO] Generic parser found 0 potential race containers.
2025-08-15 23:43:20,795 [INFO] Parsing complete. Found 0 races in Hong_Kong_Jockey_Club__HKJC_.html.
2025-08-15 23:43:20,795 [INFO] No races found in Hong_Kong_Jockey_Club__HKJC_.html
2025-08-15 23:43:20,795 [INFO] Parsing file: France_Galop__France_.html
2025-08-15 23:43:20,795 [INFO] Starting parsing for source: France_Galop__France_.html
2025-08-15 23:43:20,795 [INFO] Attempting to parse as HTML content.
2025-08-15 23:43:20,796 [INFO] Source not recognized. Using generic fallback parser.
2025-08-15 23:43:20,797 [INFO] Generic parser found 0 potential race containers.
2025-08-15 23:43:20,797 [INFO] Parsing complete. Found 0 races in France_Galop__France_.html.
2025-08-15 23:43:20,797 [INFO] No races found in France_Galop__France_.html
2025-08-15 23:43:20,797 [INFO] Parsing file: Timeform__Full_Race_List_.html
2025-08-15 23:43:20,797 [INFO] Starting parsing for source: Timeform__Full_Race_List_.html
2025-08-15 23:43:20,797 [INFO] Attempting to parse as HTML content.
2025-08-15 23:43:20,891 [INFO] Detected Timeform format. Using surgical parser.
2025-08-15 23:43:20,914 [INFO] Parsing complete. Found 61 races in Timeform__Full_Race_List_.html.
2025-08-15 23:43:20,916 [INFO] Parsing file: Sky_Sports_Racing__UK_Global_.html
2025-08-15 23:43:20,916 [INFO] Starting parsing for source: Sky_Sports_Racing__UK_Global_.html
2025-08-15 23:43:20,916 [INFO] Attempting to parse as HTML content.
2025-08-15 23:43:21,266 [INFO] Source not recognized. Using generic fallback parser.
2025-08-15 23:43:21,355 [INFO] Generic parser found 0 potential race containers.
2025-08-15 23:43:21,355 [INFO] Parsing complete. Found 0 races in Sky_Sports_Racing__UK_Global_.html.
2025-08-15 23:43:21,355 [INFO] No races found in Sky_Sports_Racing__UK_Global_.html
2025-08-15 23:43:21,355 [INFO] Parsing file: Racing_TV__UK_IRE_.html
2025-08-15 23:43:21,356 [INFO] Starting parsing for source: Racing_TV__UK_IRE_.html
2025-08-15 23:43:21,356 [INFO] Attempting to parse as HTML content.
2025-08-15 23:43:21,357 [INFO] Source not recognized. Using generic fallback parser.
2025-08-15 23:43:21,357 [INFO] Generic parser found 0 potential race containers.
2025-08-15 23:43:21,357 [INFO] Parsing complete. Found 0 races in Racing_TV__UK_IRE_.html.
2025-08-15 23:43:21,357 [INFO] No races found in Racing_TV__UK_IRE_.html
2025-08-15 23:43:21,358 [INFO] Parsing file: NYRA_Bets.html
2025-08-15 23:43:21,358 [INFO] Starting parsing for source: NYRA_Bets.html
2025-08-15 23:43:21,358 [INFO] Attempting to parse as HTML content.
2025-08-15 23:43:21,370 [INFO] Source not recognized. Using generic fallback parser.
2025-08-15 23:43:21,373 [INFO] Generic parser found 0 potential race containers.
2025-08-15 23:43:21,373 [INFO] Parsing complete. Found 0 races in NYRA_Bets.html.
2025-08-15 23:43:21,373 [INFO] No races found in NYRA_Bets.html
2025-08-15 23:43:21,374 [INFO] Parsing file: Sporting_Life__UK_Global_.html
2025-08-15 23:43:21,374 [INFO] Starting parsing for source: Sporting_Life__UK_Global_.html
2025-08-15 23:43:21,374 [INFO] Attempting to parse as HTML content.
2025-08-15 23:43:21,512 [INFO] Detected Greyhound format. Using surgical parser.
2025-08-15 23:43:21,586 [INFO] Parsing complete. Found 0 races in Sporting_Life__UK_Global_.html.
2025-08-15 23:43:21,586 [INFO] No races found in Sporting_Life__UK_Global_.html
2025-08-15 23:43:21,689 [INFO] Parsing file: At_The_Races__UK_IRE_.html
2025-08-15 23:43:21,690 [INFO] Starting parsing for source: At_The_Races__UK_IRE_.html
2025-08-15 23:43:21,690 [INFO] Attempting to parse as HTML content.
2025-08-15 23:43:23,300 [INFO] Detected Greyhound format. Using surgical parser.
2025-08-15 23:43:24,032 [INFO] Parsing complete. Found 0 races in At_The_Races__UK_IRE_.html.
2025-08-15 23:43:24,032 [INFO] No races found in At_The_Races__UK_IRE_.html
2025-08-15 23:43:24,033 [INFO] Parsing file: PMU__France_.html
2025-08-15 23:43:24,033 [INFO] Starting parsing for source: PMU__France_.html
2025-08-15 23:43:24,033 [INFO] Attempting to parse as HTML content.
2025-08-15 23:43:24,035 [INFO] Source not recognized. Using generic fallback parser.
2025-08-15 23:43:24,036 [INFO] Generic parser found 0 potential race containers.
2025-08-15 23:43:24,036 [INFO] Parsing complete. Found 0 races in PMU__France_.html.
2025-08-15 23:43:24,036 [INFO] No races found in PMU__France_.html
2025-08-15 23:43:24,060 [INFO] [SUCCESS] Final report saved to output/paddock_report_2025-08-15.json
2025-08-15 23:43:24,087 [INFO] [SUCCESS] HTML report saved to output/paddock_report_2025-08-15.html
2025-08-15 23:43:24,087 [INFO] --------------------------------------------------
2025-08-15 23:43:24,087 [INFO] Batch parsing complete.
2025-08-15 23:43:24,087 [INFO] --------------------------------------------------
